<?xml version="1.0" encoding="UTF-8"?>
<testsuite name="FizzbuzzTest" tests="6" skipped="0" failures="0" errors="0" timestamp="2021-08-23T15:11:46" hostname="MA372.broadband" time="0.054">
  <properties/>
  <testcase name="testGenerateListsNumbersAndFizzBuzzUpToFifteen()" classname="FizzbuzzTest" time="0.032"/>
  <testcase name="testGenerateListsNumbersAndFizzUpToThree()" classname="FizzbuzzTest" time="0.002"/>
  <testcase name="testGenerateListsNumbersAndFizzBuzzUpToFive()" classname="FizzbuzzTest" time="0.002"/>
  <testcase name="testGenerateListsNumbersUpToOne()" classname="FizzbuzzTest" time="0.004"/>
  <testcase name="testGenerateListsNumbersUpToTwo()" classname="FizzbuzzTest" time="0.002"/>
  <testcase name="testGenerateListsNumbersAndFizzBuzzUpToOneHundred()" classname="FizzbuzzTest" time="0.002"/>
  <system-out><![CDATA[]]></system-out>
  <system-err><![CDATA[]]></system-err>
</testsuite>
