<?xml version="1.0" encoding="UTF-8"?>
<testsuite name="FizzbuzzTest" tests="2" skipped="0" failures="0" errors="0" timestamp="2021-08-23T14:19:07" hostname="MA372.broadband" time="0.057">
  <properties/>
  <testcase name="testGenerateListsNumbersUpToOne()" classname="FizzbuzzTest" time="0.04"/>
  <testcase name="testGenerateListsNumbersUpToTwo()" classname="FizzbuzzTest" time="0.016"/>
  <system-out><![CDATA[]]></system-out>
  <system-err><![CDATA[]]></system-err>
</testsuite>
